2018-12-01 22:10:58.713 [main] INFO  com.senyer.App - Starting App on DESKTOP-JJOI0CL with PID 2404 (D:\JavaDeveloper\My_WorkSpace\workspace_Eclipse\spring-boot-chapter1\target\classes started by 57608 in D:\JavaDeveloper\My_WorkSpace\workspace_Eclipse\spring-boot-chapter1)
2018-12-01 22:10:58.716 [main] INFO  com.senyer.App - The following profiles are active: prod
2018-12-01 22:11:00.040 [main] INFO  o.s.boot.web.embedded.tomcat.TomcatWebServer - Tomcat initialized with port(s): 80 (http)
2018-12-01 22:11:00.065 [main] INFO  org.apache.coyote.http11.Http11NioProtocol - Initializing ProtocolHandler ["http-nio-80"]
2018-12-01 22:11:00.074 [main] INFO  org.apache.catalina.core.StandardService - Starting service [Tomcat]
2018-12-01 22:11:00.080 [main] INFO  org.apache.catalina.core.StandardEngine - Starting Servlet Engine: Apache Tomcat/9.0.13
2018-12-01 22:11:00.089 [main] INFO  org.apache.catalina.core.AprLifecycleListener - The APR based Apache Tomcat Native library which allows optimal performance in production environments was not found on the java.library.path: [C:\Program Files\Java\jre1.8.0_151\bin;C:\WINDOWS\Sun\Java\bin;C:\WINDOWS\system32;C:\WINDOWS;C:/Program Files/Java/jre1.8.0_151/bin/server;C:/Program Files/Java/jre1.8.0_151/bin;C:/Program Files/Java/jre1.8.0_151/lib/amd64;C:\ProgramData\Oracle\Java\javapath;C:\Program Files (x86)\Intel\iCLS Client\;C:\Program Files\Intel\iCLS Client\;C:\Windows\system32;C:\Windows;C:\Windows\System32\Wbem;C:\Windows\System32\WindowsPowerShell\v1.0\;C:\Program Files (x86)\Intel\Intel(R) Management Engine Components\DAL;C:\Program Files\Intel\Intel(R) Management Engine Components\DAL;C:\Program Files (x86)\Intel\Intel(R) Management Engine Components\IPT;C:\Program Files\Intel\Intel(R) Management Engine Components\IPT;C:\Program Files (x86)\NVIDIA Corporation\PhysX\Common;C:\WINDOWS\system32;C:\WINDOWS;C:\WINDOWS\System32\Wbem;C:\WINDOWS\System32\WindowsPowerShell\v1.0\;C:\Program Files\Intel\WiFi\bin\;C:\Program Files\Common Files\Intel\WirelessCommon\;D:\JavaDeveloper\Maven\apache-maven-3.5.3\bin;C:\WINDOWS\System32\OpenSSH\;D:\JavaDeveloper\developer_tools\Database\mysql-5.7.22-winx64\bin;D:\JavaDeveloper\Gradle\gradle-4.10.2\bin;C:\Users\57608\AppData\Local\Microsoft\WindowsApps;C:\Program Files\Bandizip\;C:\Program Files\Intel\WiFi\bin\;C:\Program Files\Common Files\Intel\WirelessCommon\;;C:\Users\57608\Desktop;;.]
2018-12-01 22:11:00.174 [main] INFO  o.a.c.core.ContainerBase.[Tomcat].[localhost].[/] - Initializing Spring embedded WebApplicationContext
2018-12-01 22:11:00.175 [main] INFO  org.springframework.web.context.ContextLoader - Root WebApplicationContext: initialization completed in 1398 ms
2018-12-01 22:11:00.331 [main] INFO  c.a.d.s.b.a.DruidDataSourceAutoConfigure - Init DruidDataSource
2018-12-01 22:11:00.675 [main] INFO  com.alibaba.druid.pool.DruidDataSource - {dataSource-1} inited
2018-12-01 22:11:01.091 [main] INFO  o.s.scheduling.concurrent.ThreadPoolTaskExecutor - Initializing ExecutorService 'applicationTaskExecutor'
2018-12-01 22:11:01.260 [main] INFO  o.s.b.a.web.servlet.WelcomePageHandlerMapping - Adding welcome page: class path resource [templates/index.html]
2018-12-01 22:11:01.396 [main] INFO  org.apache.coyote.http11.Http11NioProtocol - Starting ProtocolHandler ["http-nio-80"]
2018-12-01 22:11:01.409 [main] INFO  org.apache.tomcat.util.net.NioSelectorPool - Using a shared selector for servlet write/read
2018-12-01 22:11:01.441 [main] INFO  o.s.boot.web.embedded.tomcat.TomcatWebServer - Tomcat started on port(s): 80 (http) with context path ''
2018-12-01 22:11:01.445 [main] INFO  com.senyer.App - Started App in 3.198 seconds (JVM running for 3.55)
2018-12-01 22:28:36.240 [main] INFO  com.senyer.App - Starting App on DESKTOP-JJOI0CL with PID 15656 (D:\JavaDeveloper\My_WorkSpace\workspace_Eclipse\spring-boot-chapter1\target\classes started by 57608 in D:\JavaDeveloper\My_WorkSpace\workspace_Eclipse\spring-boot-chapter1)
2018-12-01 22:28:36.243 [main] INFO  com.senyer.App - The following profiles are active: prod
2018-12-01 22:28:37.504 [main] INFO  o.s.boot.web.embedded.tomcat.TomcatWebServer - Tomcat initialized with port(s): 80 (http)
2018-12-01 22:28:37.516 [main] INFO  org.apache.coyote.http11.Http11NioProtocol - Initializing ProtocolHandler ["http-nio-80"]
2018-12-01 22:28:37.538 [main] INFO  org.apache.catalina.core.StandardService - Starting service [Tomcat]
2018-12-01 22:28:37.538 [main] INFO  org.apache.catalina.core.StandardEngine - Starting Servlet Engine: Apache Tomcat/9.0.13
2018-12-01 22:28:37.551 [main] INFO  org.apache.catalina.core.AprLifecycleListener - The APR based Apache Tomcat Native library which allows optimal performance in production environments was not found on the java.library.path: [C:\Program Files\Java\jre1.8.0_151\bin;C:\WINDOWS\Sun\Java\bin;C:\WINDOWS\system32;C:\WINDOWS;C:/Program Files/Java/jre1.8.0_151/bin/server;C:/Program Files/Java/jre1.8.0_151/bin;C:/Program Files/Java/jre1.8.0_151/lib/amd64;C:\ProgramData\Oracle\Java\javapath;C:\Program Files (x86)\Intel\iCLS Client\;C:\Program Files\Intel\iCLS Client\;C:\Windows\system32;C:\Windows;C:\Windows\System32\Wbem;C:\Windows\System32\WindowsPowerShell\v1.0\;C:\Program Files (x86)\Intel\Intel(R) Management Engine Components\DAL;C:\Program Files\Intel\Intel(R) Management Engine Components\DAL;C:\Program Files (x86)\Intel\Intel(R) Management Engine Components\IPT;C:\Program Files\Intel\Intel(R) Management Engine Components\IPT;C:\Program Files (x86)\NVIDIA Corporation\PhysX\Common;C:\WINDOWS\system32;C:\WINDOWS;C:\WINDOWS\System32\Wbem;C:\WINDOWS\System32\WindowsPowerShell\v1.0\;C:\Program Files\Intel\WiFi\bin\;C:\Program Files\Common Files\Intel\WirelessCommon\;D:\JavaDeveloper\Maven\apache-maven-3.5.3\bin;C:\WINDOWS\System32\OpenSSH\;D:\JavaDeveloper\developer_tools\Database\mysql-5.7.22-winx64\bin;D:\JavaDeveloper\Gradle\gradle-4.10.2\bin;C:\Users\57608\AppData\Local\Microsoft\WindowsApps;C:\Program Files\Bandizip\;C:\Program Files\Intel\WiFi\bin\;C:\Program Files\Common Files\Intel\WirelessCommon\;;C:\Users\57608\Desktop;;.]
2018-12-01 22:28:37.646 [main] INFO  o.a.c.core.ContainerBase.[Tomcat].[localhost].[/] - Initializing Spring embedded WebApplicationContext
2018-12-01 22:28:37.646 [main] INFO  org.springframework.web.context.ContextLoader - Root WebApplicationContext: initialization completed in 1365 ms
2018-12-01 22:28:37.814 [main] INFO  c.a.d.s.b.a.DruidDataSourceAutoConfigure - Init DruidDataSource
2018-12-01 22:28:38.141 [main] INFO  com.alibaba.druid.pool.DruidDataSource - {dataSource-1} inited
2018-12-01 22:28:38.491 [main] INFO  o.s.scheduling.concurrent.ThreadPoolTaskExecutor - Initializing ExecutorService 'applicationTaskExecutor'
2018-12-01 22:28:38.646 [main] INFO  o.s.b.a.web.servlet.WelcomePageHandlerMapping - Adding welcome page: class path resource [templates/index.html]
2018-12-01 22:28:38.775 [main] INFO  org.apache.coyote.http11.Http11NioProtocol - Starting ProtocolHandler ["http-nio-80"]
2018-12-01 22:28:38.787 [main] INFO  org.apache.tomcat.util.net.NioSelectorPool - Using a shared selector for servlet write/read
2018-12-01 22:28:38.819 [main] INFO  o.s.boot.web.embedded.tomcat.TomcatWebServer - Tomcat started on port(s): 80 (http) with context path ''
2018-12-01 22:28:38.824 [main] INFO  com.senyer.App - Started App in 3.069 seconds (JVM running for 3.42)
2018-12-01 22:30:02.553 [http-nio-80-exec-1] INFO  o.a.c.core.ContainerBase.[Tomcat].[localhost].[/] - Initializing Spring DispatcherServlet 'dispatcherServlet'
2018-12-01 22:30:02.553 [http-nio-80-exec-1] INFO  org.springframework.web.servlet.DispatcherServlet - Initializing Servlet 'dispatcherServlet'
2018-12-01 22:30:02.560 [http-nio-80-exec-1] INFO  org.springframework.web.servlet.DispatcherServlet - Completed initialization in 7 ms
2018-12-01 22:30:28.833 [http-nio-80-exec-6] INFO  com.senyer.controller.LogController - 日志输出 info
2018-12-01 22:31:10.094 [http-nio-80-exec-8] INFO  com.senyer.controller.LogController - 日志输出 info
