2018-12-01 21:56:04.934 [main] INFO  com.senyer.App - Starting App on DESKTOP-JJOI0CL with PID 9868 (D:\JavaDeveloper\My_WorkSpace\workspace_Eclipse\spring-boot-chapter1\target\classes started by 57608 in D:\JavaDeveloper\My_WorkSpace\workspace_Eclipse\spring-boot-chapter1)
2018-12-01 21:56:04.936 [main] INFO  com.senyer.App - The following profiles are active: prod
2018-12-01 21:56:06.236 [main] INFO  o.s.boot.web.embedded.tomcat.TomcatWebServer - Tomcat initialized with port(s): 80 (http)
2018-12-01 21:56:06.249 [main] INFO  org.apache.coyote.http11.Http11NioProtocol - Initializing ProtocolHandler ["http-nio-80"]
2018-12-01 21:56:06.266 [main] INFO  org.apache.catalina.core.StandardService - Starting service [Tomcat]
2018-12-01 21:56:06.272 [main] INFO  org.apache.catalina.core.StandardEngine - Starting Servlet Engine: Apache Tomcat/9.0.13
2018-12-01 21:56:06.281 [main] INFO  org.apache.catalina.core.AprLifecycleListener - The APR based Apache Tomcat Native library which allows optimal performance in production environments was not found on the java.library.path: [C:\Program Files\Java\jre1.8.0_151\bin;C:\WINDOWS\Sun\Java\bin;C:\WINDOWS\system32;C:\WINDOWS;C:/Program Files/Java/jre1.8.0_151/bin/server;C:/Program Files/Java/jre1.8.0_151/bin;C:/Program Files/Java/jre1.8.0_151/lib/amd64;C:\ProgramData\Oracle\Java\javapath;C:\Program Files (x86)\Intel\iCLS Client\;C:\Program Files\Intel\iCLS Client\;C:\Windows\system32;C:\Windows;C:\Windows\System32\Wbem;C:\Windows\System32\WindowsPowerShell\v1.0\;C:\Program Files (x86)\Intel\Intel(R) Management Engine Components\DAL;C:\Program Files\Intel\Intel(R) Management Engine Components\DAL;C:\Program Files (x86)\Intel\Intel(R) Management Engine Components\IPT;C:\Program Files\Intel\Intel(R) Management Engine Components\IPT;C:\Program Files (x86)\NVIDIA Corporation\PhysX\Common;C:\WINDOWS\system32;C:\WINDOWS;C:\WINDOWS\System32\Wbem;C:\WINDOWS\System32\WindowsPowerShell\v1.0\;C:\Program Files\Intel\WiFi\bin\;C:\Program Files\Common Files\Intel\WirelessCommon\;D:\JavaDeveloper\Maven\apache-maven-3.5.3\bin;C:\WINDOWS\System32\OpenSSH\;D:\JavaDeveloper\developer_tools\Database\mysql-5.7.22-winx64\bin;D:\JavaDeveloper\Gradle\gradle-4.10.2\bin;C:\Users\57608\AppData\Local\Microsoft\WindowsApps;C:\Program Files\Bandizip\;C:\Program Files\Intel\WiFi\bin\;C:\Program Files\Common Files\Intel\WirelessCommon\;;C:\Users\57608\Desktop;;.]
2018-12-01 21:56:06.370 [main] INFO  o.a.c.core.ContainerBase.[Tomcat].[localhost].[/] - Initializing Spring embedded WebApplicationContext
2018-12-01 21:56:06.370 [main] INFO  org.springframework.web.context.ContextLoader - Root WebApplicationContext: initialization completed in 1357 ms
2018-12-01 21:56:06.526 [main] INFO  c.a.d.s.b.a.DruidDataSourceAutoConfigure - Init DruidDataSource
2018-12-01 21:56:06.848 [main] INFO  com.alibaba.druid.pool.DruidDataSource - {dataSource-1} inited
2018-12-01 21:56:07.232 [main] INFO  o.s.scheduling.concurrent.ThreadPoolTaskExecutor - Initializing ExecutorService 'applicationTaskExecutor'
2018-12-01 21:56:07.385 [main] INFO  o.s.b.a.web.servlet.WelcomePageHandlerMapping - Adding welcome page: class path resource [templates/index.html]
2018-12-01 21:56:07.508 [main] INFO  org.apache.coyote.http11.Http11NioProtocol - Starting ProtocolHandler ["http-nio-80"]
2018-12-01 21:56:07.521 [main] INFO  org.apache.tomcat.util.net.NioSelectorPool - Using a shared selector for servlet write/read
2018-12-01 21:56:07.550 [main] INFO  o.s.boot.web.embedded.tomcat.TomcatWebServer - Tomcat started on port(s): 80 (http) with context path ''
2018-12-01 21:56:07.554 [main] INFO  com.senyer.App - Started App in 3.064 seconds (JVM running for 3.418)
2018-12-01 21:57:13.003 [main] INFO  com.senyer.App - Starting App on DESKTOP-JJOI0CL with PID 13480 (D:\JavaDeveloper\My_WorkSpace\workspace_Eclipse\spring-boot-chapter1\target\classes started by 57608 in D:\JavaDeveloper\My_WorkSpace\workspace_Eclipse\spring-boot-chapter1)
2018-12-01 21:57:13.005 [main] INFO  com.senyer.App - The following profiles are active: prod
2018-12-01 21:57:14.289 [main] INFO  o.s.boot.web.embedded.tomcat.TomcatWebServer - Tomcat initialized with port(s): 80 (http)
2018-12-01 21:57:14.314 [main] INFO  org.apache.coyote.http11.Http11NioProtocol - Initializing ProtocolHandler ["http-nio-80"]
2018-12-01 21:57:14.326 [main] INFO  org.apache.catalina.core.StandardService - Starting service [Tomcat]
2018-12-01 21:57:14.327 [main] INFO  org.apache.catalina.core.StandardEngine - Starting Servlet Engine: Apache Tomcat/9.0.13
2018-12-01 21:57:14.336 [main] INFO  org.apache.catalina.core.AprLifecycleListener - The APR based Apache Tomcat Native library which allows optimal performance in production environments was not found on the java.library.path: [C:\Program Files\Java\jre1.8.0_151\bin;C:\WINDOWS\Sun\Java\bin;C:\WINDOWS\system32;C:\WINDOWS;C:/Program Files/Java/jre1.8.0_151/bin/server;C:/Program Files/Java/jre1.8.0_151/bin;C:/Program Files/Java/jre1.8.0_151/lib/amd64;C:\ProgramData\Oracle\Java\javapath;C:\Program Files (x86)\Intel\iCLS Client\;C:\Program Files\Intel\iCLS Client\;C:\Windows\system32;C:\Windows;C:\Windows\System32\Wbem;C:\Windows\System32\WindowsPowerShell\v1.0\;C:\Program Files (x86)\Intel\Intel(R) Management Engine Components\DAL;C:\Program Files\Intel\Intel(R) Management Engine Components\DAL;C:\Program Files (x86)\Intel\Intel(R) Management Engine Components\IPT;C:\Program Files\Intel\Intel(R) Management Engine Components\IPT;C:\Program Files (x86)\NVIDIA Corporation\PhysX\Common;C:\WINDOWS\system32;C:\WINDOWS;C:\WINDOWS\System32\Wbem;C:\WINDOWS\System32\WindowsPowerShell\v1.0\;C:\Program Files\Intel\WiFi\bin\;C:\Program Files\Common Files\Intel\WirelessCommon\;D:\JavaDeveloper\Maven\apache-maven-3.5.3\bin;C:\WINDOWS\System32\OpenSSH\;D:\JavaDeveloper\developer_tools\Database\mysql-5.7.22-winx64\bin;D:\JavaDeveloper\Gradle\gradle-4.10.2\bin;C:\Users\57608\AppData\Local\Microsoft\WindowsApps;C:\Program Files\Bandizip\;C:\Program Files\Intel\WiFi\bin\;C:\Program Files\Common Files\Intel\WirelessCommon\;;C:\Users\57608\Desktop;;.]
2018-12-01 21:57:14.438 [main] INFO  o.a.c.core.ContainerBase.[Tomcat].[localhost].[/] - Initializing Spring embedded WebApplicationContext
2018-12-01 21:57:14.438 [main] INFO  org.springframework.web.context.ContextLoader - Root WebApplicationContext: initialization completed in 1365 ms
2018-12-01 21:57:14.595 [main] INFO  c.a.d.s.b.a.DruidDataSourceAutoConfigure - Init DruidDataSource
2018-12-01 21:57:14.919 [main] INFO  com.alibaba.druid.pool.DruidDataSource - {dataSource-1} inited
2018-12-01 21:57:15.306 [main] INFO  o.s.scheduling.concurrent.ThreadPoolTaskExecutor - Initializing ExecutorService 'applicationTaskExecutor'
2018-12-01 21:57:15.455 [main] INFO  o.s.b.a.web.servlet.WelcomePageHandlerMapping - Adding welcome page: class path resource [templates/index.html]
2018-12-01 21:57:15.577 [main] INFO  org.apache.coyote.http11.Http11NioProtocol - Starting ProtocolHandler ["http-nio-80"]
2018-12-01 21:57:15.589 [main] INFO  org.apache.tomcat.util.net.NioSelectorPool - Using a shared selector for servlet write/read
2018-12-01 21:57:15.617 [main] INFO  o.s.boot.web.embedded.tomcat.TomcatWebServer - Tomcat started on port(s): 80 (http) with context path ''
2018-12-01 21:57:15.620 [main] INFO  com.senyer.App - Started App in 3.072 seconds (JVM running for 3.439)
2018-12-01 22:01:09.108 [http-nio-80-exec-1] INFO  o.a.c.core.ContainerBase.[Tomcat].[localhost].[/] - Initializing Spring DispatcherServlet 'dispatcherServlet'
2018-12-01 22:01:09.108 [http-nio-80-exec-1] INFO  org.springframework.web.servlet.DispatcherServlet - Initializing Servlet 'dispatcherServlet'
2018-12-01 22:01:09.113 [http-nio-80-exec-1] INFO  org.springframework.web.servlet.DispatcherServlet - Completed initialization in 5 ms
2018-12-01 22:08:06.165 [main] INFO  com.senyer.App - Starting App on DESKTOP-JJOI0CL with PID 13664 (D:\JavaDeveloper\My_WorkSpace\workspace_Eclipse\spring-boot-chapter1\target\classes started by 57608 in D:\JavaDeveloper\My_WorkSpace\workspace_Eclipse\spring-boot-chapter1)
2018-12-01 22:08:06.192 [main] INFO  com.senyer.App - The following profiles are active: prod
2018-12-01 22:08:07.419 [main] INFO  o.s.boot.web.embedded.tomcat.TomcatWebServer - Tomcat initialized with port(s): 80 (http)
2018-12-01 22:08:07.455 [main] INFO  org.apache.catalina.core.StandardService - Starting service [Tomcat]
2018-12-01 22:08:07.455 [main] INFO  org.apache.catalina.core.StandardEngine - Starting Servlet Engine: Apache Tomcat/9.0.13
2018-12-01 22:08:07.469 [main] INFO  org.apache.catalina.core.AprLifecycleListener - The APR based Apache Tomcat Native library which allows optimal performance in production environments was not found on the java.library.path: [C:\Program Files\Java\jre1.8.0_151\bin;C:\WINDOWS\Sun\Java\bin;C:\WINDOWS\system32;C:\WINDOWS;C:/Program Files/Java/jre1.8.0_151/bin/server;C:/Program Files/Java/jre1.8.0_151/bin;C:/Program Files/Java/jre1.8.0_151/lib/amd64;C:\ProgramData\Oracle\Java\javapath;C:\Program Files (x86)\Intel\iCLS Client\;C:\Program Files\Intel\iCLS Client\;C:\Windows\system32;C:\Windows;C:\Windows\System32\Wbem;C:\Windows\System32\WindowsPowerShell\v1.0\;C:\Program Files (x86)\Intel\Intel(R) Management Engine Components\DAL;C:\Program Files\Intel\Intel(R) Management Engine Components\DAL;C:\Program Files (x86)\Intel\Intel(R) Management Engine Components\IPT;C:\Program Files\Intel\Intel(R) Management Engine Components\IPT;C:\Program Files (x86)\NVIDIA Corporation\PhysX\Common;C:\WINDOWS\system32;C:\WINDOWS;C:\WINDOWS\System32\Wbem;C:\WINDOWS\System32\WindowsPowerShell\v1.0\;C:\Program Files\Intel\WiFi\bin\;C:\Program Files\Common Files\Intel\WirelessCommon\;D:\JavaDeveloper\Maven\apache-maven-3.5.3\bin;C:\WINDOWS\System32\OpenSSH\;D:\JavaDeveloper\developer_tools\Database\mysql-5.7.22-winx64\bin;D:\JavaDeveloper\Gradle\gradle-4.10.2\bin;C:\Users\57608\AppData\Local\Microsoft\WindowsApps;C:\Program Files\Bandizip\;C:\Program Files\Intel\WiFi\bin\;C:\Program Files\Common Files\Intel\WirelessCommon\;;C:\Users\57608\Desktop;;.]
2018-12-01 22:08:07.559 [main] INFO  o.a.c.core.ContainerBase.[Tomcat].[localhost].[/] - Initializing Spring embedded WebApplicationContext
2018-12-01 22:08:07.559 [main] INFO  org.springframework.web.context.ContextLoader - Root WebApplicationContext: initialization completed in 1321 ms
2018-12-01 22:08:07.721 [main] INFO  c.a.d.s.b.a.DruidDataSourceAutoConfigure - Init DruidDataSource
2018-12-01 22:08:08.037 [main] INFO  com.alibaba.druid.pool.DruidDataSource - {dataSource-1} inited
2018-12-01 22:08:08.395 [main] INFO  o.s.scheduling.concurrent.ThreadPoolTaskExecutor - Initializing ExecutorService 'applicationTaskExecutor'
2018-12-01 22:08:08.548 [main] INFO  o.s.b.a.web.servlet.WelcomePageHandlerMapping - Adding welcome page: class path resource [templates/index.html]
2018-12-01 22:08:08.728 [main] INFO  o.s.boot.web.embedded.tomcat.TomcatWebServer - Tomcat started on port(s): 80 (http) with context path ''
2018-12-01 22:08:08.732 [main] INFO  com.senyer.App - Started App in 3.013 seconds (JVM running for 3.363)
2018-12-01 22:38:52.036 [main] INFO  com.senyer.App - Starting App on DESKTOP-JJOI0CL with PID 18576 (D:\JavaDeveloper\My_WorkSpace\workspace_Eclipse\spring-boot-chapter1\target\classes started by 57608 in D:\JavaDeveloper\My_WorkSpace\workspace_Eclipse\spring-boot-chapter1)
2018-12-01 22:38:52.039 [main] INFO  com.senyer.App - The following profiles are active: prod
2018-12-01 22:38:53.299 [main] INFO  o.s.boot.web.embedded.tomcat.TomcatWebServer - Tomcat initialized with port(s): 80 (http)
2018-12-01 22:38:53.314 [main] INFO  org.apache.coyote.http11.Http11NioProtocol - Initializing ProtocolHandler ["http-nio-80"]
2018-12-01 22:38:53.334 [main] INFO  org.apache.catalina.core.StandardService - Starting service [Tomcat]
2018-12-01 22:38:53.334 [main] INFO  org.apache.catalina.core.StandardEngine - Starting Servlet Engine: Apache Tomcat/9.0.13
2018-12-01 22:38:53.345 [main] INFO  org.apache.catalina.core.AprLifecycleListener - The APR based Apache Tomcat Native library which allows optimal performance in production environments was not found on the java.library.path: [C:\Program Files\Java\jre1.8.0_151\bin;C:\WINDOWS\Sun\Java\bin;C:\WINDOWS\system32;C:\WINDOWS;C:/Program Files/Java/jre1.8.0_151/bin/server;C:/Program Files/Java/jre1.8.0_151/bin;C:/Program Files/Java/jre1.8.0_151/lib/amd64;C:\ProgramData\Oracle\Java\javapath;C:\Program Files (x86)\Intel\iCLS Client\;C:\Program Files\Intel\iCLS Client\;C:\Windows\system32;C:\Windows;C:\Windows\System32\Wbem;C:\Windows\System32\WindowsPowerShell\v1.0\;C:\Program Files (x86)\Intel\Intel(R) Management Engine Components\DAL;C:\Program Files\Intel\Intel(R) Management Engine Components\DAL;C:\Program Files (x86)\Intel\Intel(R) Management Engine Components\IPT;C:\Program Files\Intel\Intel(R) Management Engine Components\IPT;C:\Program Files (x86)\NVIDIA Corporation\PhysX\Common;C:\WINDOWS\system32;C:\WINDOWS;C:\WINDOWS\System32\Wbem;C:\WINDOWS\System32\WindowsPowerShell\v1.0\;C:\Program Files\Intel\WiFi\bin\;C:\Program Files\Common Files\Intel\WirelessCommon\;D:\JavaDeveloper\Maven\apache-maven-3.5.3\bin;C:\WINDOWS\System32\OpenSSH\;D:\JavaDeveloper\developer_tools\Database\mysql-5.7.22-winx64\bin;D:\JavaDeveloper\Gradle\gradle-4.10.2\bin;C:\Users\57608\AppData\Local\Microsoft\WindowsApps;C:\Program Files\Bandizip\;C:\Program Files\Intel\WiFi\bin\;C:\Program Files\Common Files\Intel\WirelessCommon\;;C:\Users\57608\Desktop;;.]
2018-12-01 22:38:53.455 [main] INFO  o.a.c.core.ContainerBase.[Tomcat].[localhost].[/] - Initializing Spring embedded WebApplicationContext
2018-12-01 22:38:53.456 [main] INFO  org.springframework.web.context.ContextLoader - Root WebApplicationContext: initialization completed in 1352 ms
2018-12-01 22:38:53.619 [main] INFO  c.a.d.s.b.a.DruidDataSourceAutoConfigure - Init DruidDataSource
2018-12-01 22:38:54.099 [main] INFO  com.alibaba.druid.pool.DruidDataSource - {dataSource-1} inited
2018-12-01 22:38:54.452 [main] INFO  o.s.scheduling.concurrent.ThreadPoolTaskExecutor - Initializing ExecutorService 'applicationTaskExecutor'
2018-12-01 22:38:54.601 [main] INFO  o.s.b.a.web.servlet.WelcomePageHandlerMapping - Adding welcome page: class path resource [templates/index.html]
2018-12-01 22:38:54.728 [main] INFO  org.apache.coyote.http11.Http11NioProtocol - Starting ProtocolHandler ["http-nio-80"]
2018-12-01 22:38:54.738 [main] INFO  org.apache.tomcat.util.net.NioSelectorPool - Using a shared selector for servlet write/read
2018-12-01 22:38:54.755 [main] INFO  o.s.boot.web.embedded.tomcat.TomcatWebServer - Tomcat started on port(s): 80 (http) with context path ''
2018-12-01 22:38:54.759 [main] INFO  com.senyer.App - Started App in 3.167 seconds (JVM running for 3.524)
